2021-06-04 13:38:51,859 INFO org.hibernate.validator.internal.util.Version [background-preinit] HV000001: Hibernate Validator 6.1.7.Final
2021-06-04 13:38:51,874 INFO org.springframework.boot.StartupInfoLogger [main] Starting SpringBootTeknisiApplication using Java 15.0.2 on DESKTOP-IVGJ568 with PID 2896 (D:\Ogya\SpringBootTeknisi\target\classes started by HELLO in D:\Ogya\SpringBootTeknisi)
2021-06-04 13:38:51,875 DEBUG org.springframework.boot.StartupInfoLogger [main] Running with Spring Boot v2.4.5, Spring v5.3.6
2021-06-04 13:38:51,876 INFO org.springframework.boot.SpringApplication [main] No active profile set, falling back to default profiles: default
2021-06-04 13:38:53,638 INFO org.springframework.data.repository.config.RepositoryConfigurationDelegate [main] Multiple Spring Data modules found, entering strict repository configuration mode!
2021-06-04 13:38:53,642 INFO org.springframework.data.repository.config.RepositoryConfigurationDelegate [main] Bootstrapping Spring Data JDBC repositories in DEFAULT mode.
2021-06-04 13:38:53,670 INFO org.springframework.data.repository.config.RepositoryConfigurationDelegate [main] Finished Spring Data repository scanning in 21 ms. Found 0 JDBC repository interfaces.
2021-06-04 13:38:53,686 INFO org.springframework.data.repository.config.RepositoryConfigurationDelegate [main] Multiple Spring Data modules found, entering strict repository configuration mode!
2021-06-04 13:38:53,688 INFO org.springframework.data.repository.config.RepositoryConfigurationDelegate [main] Bootstrapping Spring Data JPA repositories in DEFAULT mode.
2021-06-04 13:38:53,702 INFO org.springframework.data.repository.config.RepositoryConfigurationDelegate [main] Finished Spring Data repository scanning in 6 ms. Found 0 JPA repository interfaces.
2021-06-04 13:38:54,249 INFO org.springframework.context.support.PostProcessorRegistrationDelegate$BeanPostProcessorChecker [main] Bean 'org.springframework.security.access.expression.method.DefaultMethodSecurityExpressionHandler@193bb809' of type [org.springframework.security.access.expression.method.DefaultMethodSecurityExpressionHandler] is not eligible for getting processed by all BeanPostProcessors (for example: not eligible for auto-proxying)
2021-06-04 13:38:54,256 INFO org.springframework.context.support.PostProcessorRegistrationDelegate$BeanPostProcessorChecker [main] Bean 'methodSecurityMetadataSource' of type [org.springframework.security.access.method.DelegatingMethodSecurityMetadataSource] is not eligible for getting processed by all BeanPostProcessors (for example: not eligible for auto-proxying)
2021-06-04 13:38:54,732 INFO org.springframework.boot.web.embedded.tomcat.TomcatWebServer [main] Tomcat initialized with port(s): 8181 (http)
2021-06-04 13:38:54,745 INFO org.apache.juli.logging.DirectJDKLog [main] Initializing ProtocolHandler ["http-nio-8181"]
2021-06-04 13:38:54,747 INFO org.apache.juli.logging.DirectJDKLog [main] Starting service [Tomcat]
2021-06-04 13:38:54,747 INFO org.apache.juli.logging.DirectJDKLog [main] Starting Servlet engine: [Apache Tomcat/9.0.45]
2021-06-04 13:38:54,918 INFO org.apache.juli.logging.DirectJDKLog [main] Initializing Spring embedded WebApplicationContext
2021-06-04 13:38:54,919 INFO org.springframework.boot.web.servlet.context.ServletWebServerApplicationContext [main] Root WebApplicationContext: initialization completed in 2926 ms
2021-06-04 13:38:55,027 INFO org.springframework.aop.framework.CglibAopProxy [main] Unable to proxy interface-implementing method [public final void org.springframework.dao.support.DaoSupport.afterPropertiesSet() throws java.lang.IllegalArgumentException,org.springframework.beans.factory.BeanInitializationException] because it is marked as final: Consider using interface-based JDK proxies instead!
2021-06-04 13:38:55,122 DEBUG org.springframework.web.filter.GenericFilterBean [main] Filter 'jwtRequestFilter' configured for use
2021-06-04 13:38:55,184 INFO com.zaxxer.hikari.HikariDataSource [main] HikariPool-1 - Starting...
2021-06-04 13:38:55,513 INFO com.zaxxer.hikari.HikariDataSource [main] HikariPool-1 - Start completed.
2021-06-04 13:38:55,590 INFO org.hibernate.jpa.internal.util.LogHelper [main] HHH000204: Processing PersistenceUnitInfo [name: default]
2021-06-04 13:38:55,711 INFO org.hibernate.Version [main] HHH000412: Hibernate ORM core version 5.4.30.Final
2021-06-04 13:38:56,117 INFO org.hibernate.annotations.common.reflection.java.JavaReflectionManager [main] HCANN000001: Hibernate Commons Annotations {5.1.2.Final}
2021-06-04 13:38:56,385 INFO org.hibernate.dialect.Dialect [main] HHH000400: Using dialect: org.hibernate.dialect.PostgreSQL10Dialect
2021-06-04 13:38:57,274 INFO org.hibernate.engine.transaction.jta.platform.internal.JtaPlatformInitiator [main] HHH000490: Using JtaPlatform implementation: [org.hibernate.engine.transaction.jta.platform.internal.NoJtaPlatform]
2021-06-04 13:38:57,288 INFO org.springframework.orm.jpa.AbstractEntityManagerFactoryBean [main] Initialized JPA EntityManagerFactory for persistence unit 'default'
2021-06-04 13:38:57,307 INFO org.springframework.aop.framework.CglibAopProxy [main] Unable to proxy interface-implementing method [public final void org.springframework.dao.support.DaoSupport.afterPropertiesSet() throws java.lang.IllegalArgumentException,org.springframework.beans.factory.BeanInitializationException] because it is marked as final: Consider using interface-based JDK proxies instead!
2021-06-04 13:38:57,368 WARN org.springframework.boot.autoconfigure.orm.jpa.JpaBaseConfiguration$JpaWebConfiguration [main] spring.jpa.open-in-view is enabled by default. Therefore, database queries may be performed during view rendering. Explicitly configure spring.jpa.open-in-view to disable this warning
2021-06-04 13:38:57,616 INFO org.springframework.aop.framework.CglibAopProxy [main] Unable to proxy interface-implementing method [public final void org.springframework.dao.support.DaoSupport.afterPropertiesSet() throws java.lang.IllegalArgumentException,org.springframework.beans.factory.BeanInitializationException] because it is marked as final: Consider using interface-based JDK proxies instead!
2021-06-04 13:38:57,649 INFO org.springframework.aop.framework.CglibAopProxy [main] Unable to proxy interface-implementing method [public final void org.springframework.dao.support.DaoSupport.afterPropertiesSet() throws java.lang.IllegalArgumentException,org.springframework.beans.factory.BeanInitializationException] because it is marked as final: Consider using interface-based JDK proxies instead!
2021-06-04 13:38:58,113 INFO springfox.documentation.spring.web.PropertySourcedRequestMappingHandlerMapping [main] Mapped URL path [/v2/api-docs] onto method [springfox.documentation.swagger2.web.Swagger2Controller#getDocumentation(String, HttpServletRequest)]
2021-06-04 13:38:58,436 INFO org.springframework.security.web.DefaultSecurityFilterChain [main] Will secure any request with [org.springframework.security.web.context.request.async.WebAsyncManagerIntegrationFilter@3f62d56, org.springframework.security.web.context.SecurityContextPersistenceFilter@418bdde9, org.springframework.security.web.header.HeaderWriterFilter@402676e3, org.springframework.web.filter.CorsFilter@2d41bb5a, org.springframework.security.web.authentication.logout.LogoutFilter@2f29e630, com.teknisi.config.JwtRequestFilter@59918c8f, org.springframework.security.web.savedrequest.RequestCacheAwareFilter@240df292, org.springframework.security.web.servletapi.SecurityContextHolderAwareRequestFilter@375ff309, org.springframework.security.web.authentication.AnonymousAuthenticationFilter@448a6d00, org.springframework.security.web.session.SessionManagementFilter@857f1a7, org.springframework.security.web.access.ExceptionTranslationFilter@3fd6dfbc, org.springframework.security.web.access.intercept.FilterSecurityInterceptor@6e5af973]
2021-06-04 13:38:58,539 INFO org.springframework.scheduling.concurrent.ExecutorConfigurationSupport [main] Initializing ExecutorService 'applicationTaskExecutor'
2021-06-04 13:38:58,852 INFO org.apache.juli.logging.DirectJDKLog [main] Starting ProtocolHandler ["http-nio-8181"]
2021-06-04 13:38:58,886 INFO org.springframework.boot.web.embedded.tomcat.TomcatWebServer [main] Tomcat started on port(s): 8181 (http) with context path ''
2021-06-04 13:38:58,888 INFO springfox.documentation.spring.web.plugins.DocumentationPluginsBootstrapper [main] Context refreshed
2021-06-04 13:38:58,913 INFO springfox.documentation.spring.web.plugins.DocumentationPluginsBootstrapper [main] Found 1 custom documentation plugin(s)
2021-06-04 13:38:58,943 INFO springfox.documentation.spring.web.scanners.ApiListingReferenceScanner [main] Scanning for api listing references
2021-06-04 13:38:59,219 INFO springfox.documentation.spring.web.readers.operation.CachingOperationNameGenerator [main] Generating unique operation named: deleteUsingDELETE_1
2021-06-04 13:38:59,242 INFO springfox.documentation.spring.web.readers.operation.CachingOperationNameGenerator [main] Generating unique operation named: retrieveAllUsingGET_1
2021-06-04 13:38:59,258 INFO springfox.documentation.spring.web.readers.operation.CachingOperationNameGenerator [main] Generating unique operation named: retrieveByIdUsingGET_1
2021-06-04 13:38:59,306 INFO springfox.documentation.spring.web.readers.operation.CachingOperationNameGenerator [main] Generating unique operation named: deleteUsingDELETE_2
2021-06-04 13:38:59,312 INFO springfox.documentation.spring.web.readers.operation.CachingOperationNameGenerator [main] Generating unique operation named: retrieveAllUsingGET_2
2021-06-04 13:38:59,332 INFO springfox.documentation.spring.web.readers.operation.CachingOperationNameGenerator [main] Generating unique operation named: retrieveByIdUsingGET_2
2021-06-04 13:38:59,456 INFO org.springframework.boot.StartupInfoLogger [main] Started SpringBootTeknisiApplication in 8.212 seconds (JVM running for 8.983)
2021-06-04 13:39:20,460 INFO org.apache.juli.logging.DirectJDKLog [http-nio-8181-exec-1] Initializing Spring DispatcherServlet 'dispatcherServlet'
2021-06-04 13:39:20,460 INFO org.springframework.web.servlet.FrameworkServlet [http-nio-8181-exec-1] Initializing Servlet 'dispatcherServlet'
2021-06-04 13:39:20,464 INFO org.springframework.web.servlet.FrameworkServlet [http-nio-8181-exec-1] Completed initialization in 3 ms
2021-06-04 13:39:20,560 WARN com.teknisi.config.JwtRequestFilter [http-nio-8181-exec-1] JWT Token does not begin with Bearer String
2021-06-04 13:39:21,336 INFO com.teknisi.controller.JwtAuthenticationController [http-nio-8181-exec-1] Authenticate successsfully
2021-06-04 13:42:19,142 WARN com.teknisi.config.JwtRequestFilter [http-nio-8181-exec-5] JWT Token does not begin with Bearer String
2021-06-04 13:42:25,886 INFO com.teknisi.controller.JwtAuthenticationController [http-nio-8181-exec-5] Registration successsfully
